Stage Monitoring Tool — Startscript
==================================================
Platform:     Windows-11-10.0.26200-SP0
Python:       C:\Users\baraa\Programming-Project-Group2-\backend\.venv\Scripts\python.exe (3.14.5 (tags/v3.14.5:5607950, May 10 2026, 10:43:50) [MSC v.1944 64 bit (AMD64)])
Project dir:  C:\Users\baraa\Programming-Project-Group2-
uv available: NO
Working dir:  C:\Users\baraa\Programming-Project-Group2-
==================================================

uv niet gevonden
Gebruik: C:\Users\baraa\Programming-Project-Group2-\backend\.venv\Scripts\python.exe
Controleren of afhankelijkheden geïnstalleerd zijn...
[CMD] C:\Users\baraa\Programming-Project-Group2-\backend > C:\Users\baraa\Programming-Project-Group2-\backend\.venv\Scripts\python.exe -c import importlib.util, sys; mods = ['uvicorn', 'fastapi', 'sqlalchemy']; missing = [m for m in mods if importlib.util.find_spec(m) is None]; sys.exit(1 if missing else 0)
[EXIT] code=0
Dependencies OK
[CMD] C:\Users\baraa\Programming-Project-Group2-\backend > C:\Users\baraa\Programming-Project-Group2-\backend\.venv\Scripts\python.exe -c import sqlite3, sys; conn = sqlite3.connect(r'C:\Users\baraa\Programming-Project-Group2-\backend\stage_monitoring.db'); cursor = conn.cursor(); cursor.execute('SELECT COUNT(*) FROM users;'); count = cursor.fetchone()[0]; conn.close(); sys.exit(0 if count > 0 else 1)
[EXIT] code=1
[STDERR] Traceback (most recent call last):
  File "<string>", line 1, in <module>
    import sqlite3, sys; conn = sqlite3.connect(r'C:\Users\baraa\Programming-Project-Group2-\backend\stage_monitoring.db'); cursor = conn.cursor(); cursor.execute('SELECT COUNT(*) FROM users;'); count = cursor.fetchone()[0]; conn.close(); sys.exit(0 if count > 0 else 1)
                                                                                                                                                    ~~~~~~~~~~~~~~^^^^^^^^^^^^^^^^^^^^^^^^^^^^^^^
sqlite3.OperationalError: no such table: users
Database leeg of niet gevonden. Seeding met demo-data...
[CMD] C:\Users\baraa\Programming-Project-Group2-\backend > C:\Users\baraa\Programming-Project-Group2-\backend\.venv\Scripts\python.exe C:\Users\baraa\Programming-Project-Group2-\backend\seed_complete.py
